<?xml version="1.0" encoding="UTF-8"?>
<!-- Generated by org.testng.reporters.JUnitReportReporter -->
<testsuite hostname="B524724" failures="0" tests="1" name="com.sqa.academy.actions.SDETA43.ButtonAddNewComputer" time="2.000" errors="0" timestamp="2022-08-24T14:44:50 EET" skipped="0">
  <testcase classname="com.sqa.academy.actions.SDETA43.ButtonAddNewComputer" name="AddNewComp" time="2.000"/>
  <system-out/>
</testsuite> <!-- com.sqa.academy.actions.SDETA43.ButtonAddNewComputer -->
