<?xml version="1.0" encoding="UTF-8"?>
<!-- Generated by org.testng.reporters.JUnitReportReporter -->
<testsuite hostname="B524724" failures="0" tests="2" name="com.sqa.academy.actions.SDETA51.TheUserShouldSeeAllThePetsInASpecificOrder" time="5.319" errors="0" timestamp="2022-08-24T14:44:50 EET" skipped="0">
  <testcase classname="com.sqa.academy.actions.SDETA51.TheUserShouldSeeAllThePetsInASpecificOrder" name="checkOrderLeft" time="3.467"/>
  <system-out/>
  <testcase classname="com.sqa.academy.actions.SDETA51.TheUserShouldSeeAllThePetsInASpecificOrder" name="checkOrderLeft" time="1.852"/>
  <system-out/>
</testsuite> <!-- com.sqa.academy.actions.SDETA51.TheUserShouldSeeAllThePetsInASpecificOrder -->
